<?xml version="1.0" encoding="UTF-8"?>
<!-- Generated by org.testng.reporters.JUnitReportReporter -->
<testsuite hostname="abhi-IdeaPad-5-15ITL05" failures="0" tests="4" name="com.spr.radapps.SprTryAnnotatationExps.SprTryAnnotatationExpsApplicationTests" time="0.008" errors="0" timestamp="2023-06-09T21:13:39 IST" skipped="0">
  <testcase classname="com.spr.radapps.SprTryAnnotatationExps.SprTryAnnotatationExpsApplicationTests" name="contextLoads" time="0.001"/>
  <system-out/>
  <testcase classname="com.spr.radapps.SprTryAnnotatationExps.SprTryAnnotatationExpsApplicationTests" name="TestNg_Test1" time="0.006"/>
  <system-out/>
  <testcase classname="com.spr.radapps.SprTryAnnotatationExps.SprTryAnnotatationExpsApplicationTests" name="TestNg_Test2" time="0.001"/>
  <system-out/>
  <testcase classname="com.spr.radapps.SprTryAnnotatationExps.SprTryAnnotatationExpsApplicationTests" name="TestNg_Test3" time="0.000"/>
  <system-out/>
</testsuite> <!-- com.spr.radapps.SprTryAnnotatationExps.SprTryAnnotatationExpsApplicationTests -->
