<?xml version="1.0" encoding="UTF-8"?>
<!-- Generated by org.testng.reporters.JUnitReportReporter -->
<testsuite skipped="0" hostname="abhinay-Ideapad-Z570" name="testScripts.TC01_LaunchAmzaonWebApp" tests="1" failures="0" timestamp="2021-05-29T03:06:31 IST" time="0.009" errors="0">
  <testcase name="testHomePage" time="0.009" classname="testScripts.TC01_LaunchAmzaonWebApp"/>
  <system-out/>
</testsuite> <!-- testScripts.TC01_LaunchAmzaonWebApp -->
