<?xml version="1.0" encoding="UTF-8"?>
<!-- Generated by org.testng.reporters.JUnitReportReporter -->
<testsuite skipped="0" hostname="abhinay-Ideapad-Z570" name="testScripts.TC03_VerifyProductPageNavigation_byClickOnListPageItem" tests="1" failures="0" timestamp="2021-05-31T00:09:05 IST" time="12.478" errors="0">
  <testcase name="verifyListToPdNavigationAndValidateDetails" time="12.478" classname="testScripts.TC03_VerifyProductPageNavigation_byClickOnListPageItem"/>
  <system-out/>
</testsuite> <!-- testScripts.TC03_VerifyProductPageNavigation_byClickOnListPageItem -->
