<?xml version="1.0" encoding="UTF-8"?>
<!-- Generated by org.testng.reporters.JUnitReportReporter -->
<testsuite skipped="0" hostname="abhinay-Ideapad-Z570" name="testScripts.TC02_NavigateToListPage_By_Search" tests="1" failures="0" timestamp="2021-05-30T17:08:48 IST" time="2.577" errors="0">
  <testcase name="verifyListPageBySearch" time="2.577" classname="testScripts.TC02_NavigateToListPage_By_Search"/>
  <system-out/>
</testsuite> <!-- testScripts.TC02_NavigateToListPage_By_Search -->
